<?xml version="1.0" encoding="UTF-8"?>
<!-- Generated by org.testng.reporters.JUnitReportReporter -->
<testsuite skipped="2" hostname="LAPTOP-HDEOT712" name="Tests.TestCasesExecution" tests="2" failures="0" timestamp="13 Dec 2021 13:58:23 GMT" time="0.000" errors="0">
  <testcase name="logIn" time="0.000" classname="Tests.TestCasesExecution">
    <skipped/>
  </testcase> <!-- logIn -->
  <testcase name="orderCreation" time="0.000" classname="Tests.TestCasesExecution">
    <skipped/>
  </testcase> <!-- orderCreation -->
</testsuite> <!-- Tests.TestCasesExecution -->
