<?xml version="1.0" encoding="UTF-8"?>
<!-- Generated by org.testng.reporters.JUnitReportReporter -->
<testsuite skipped="0" hostname="LAPTOP-HDEOT712" name="Tests.TestCasesExecution" tests="1" failures="0" timestamp="12 Dec 2021 13:58:10 GMT" time="157.211" errors="0">
  <testcase name="clickRadioButton" time="157.211" classname="Tests.TestCasesExecution"/>
</testsuite> <!-- Tests.TestCasesExecution -->
